# JRE version: Java(TM) SE Runtime Environment (8.0_131-b11) (build 1.8.0_131-b11)
# Java VM: Java HotSpot(TM) 64-Bit Server VM (25.131-b11 mixed mode windows-amd64 compressed oops)
Heap:
 PSYoungGen      total 14336K, used 6215K [0x00000000f0000000, 0x00000000f1000000, 0x0000000100000000)
  eden space 12288K, 34% used [0x00000000f0000000,0x00000000f0415ca8,0x00000000f0c00000)
  from space 2048K, 99% used [0x00000000f0e00000,0x00000000f0ffc010,0x00000000f1000000)
  to   space 2048K, 0% used [0x00000000f0c00000,0x00000000f0c00000,0x00000000f0e00000)
 ParOldGen       total 32768K, used 1525K [0x00000000d0000000, 0x00000000d2000000, 0x00000000f0000000)
  object space 32768K, 4% used [0x00000000d0000000,0x00000000d017d648,0x00000000d2000000)
 Metaspace       used 10357K, capacity 10658K, committed 10752K, reserved 1058816K
  class space    used 1400K, capacity 1485K, committed 1536K, reserved 1048576K
GC Heap History (4 events):
Event: 4.549 GC heap before
{Heap before GC invocations=1 (full 0):
 PSYoungGen      total 14336K, used 12288K [0x00000000f0000000, 0x00000000f1000000, 0x0000000100000000)
  eden space 12288K, 100% used [0x00000000f0000000,0x00000000f0c00000,0x00000000f0c00000)
  from space 2048K, 0% used [0x00000000f0e00000,0x00000000f0e00000,0x00000000f1000000)
  to   space 2048K, 0% used [0x00000000f0c00000,0x00000000f0c00000,0x00000000f0e00000)
 ParOldGen       total 32768K, used 0K [0x00000000d0000000, 0x00000000d2000000, 0x00000000f0000000)
  object space 32768K, 0% used [0x00000000d0000000,0x00000000d0000000,0x00000000d2000000)
 Metaspace       used 5596K, capacity 5886K, committed 6016K, reserved 1056768K
  class space    used 714K, capacity 779K, committed 896K, reserved 1048576K
Event: 4.552 GC heap after
Heap after GC invocations=1 (full 0):
 PSYoungGen      total 14336K, used 2032K [0x00000000f0000000, 0x00000000f1000000, 0x0000000100000000)
  eden space 12288K, 0% used [0x00000000f0000000,0x00000000f0000000,0x00000000f0c00000)
  from space 2048K, 99% used [0x00000000f0c00000,0x00000000f0dfc010,0x00000000f0e00000)
  to   space 2048K, 0% used [0x00000000f0e00000,0x00000000f0e00000,0x00000000f1000000)
 ParOldGen       total 32768K, used 303K [0x00000000d0000000, 0x00000000d2000000, 0x00000000f0000000)
  object space 32768K, 0% used [0x00000000d0000000,0x00000000d004be98,0x00000000d2000000)
 Metaspace       used 5596K, capacity 5886K, committed 6016K, reserved 1056768K
  class space    used 714K, capacity 779K, committed 896K, reserved 1048576K
}
Event: 5.306 GC heap before
{Heap before GC invocations=2 (full 0):
 PSYoungGen      total 14336K, used 14320K [0x00000000f0000000, 0x00000000f1000000, 0x0000000100000000)
  eden space 12288K, 100% used [0x00000000f0000000,0x00000000f0c00000,0x00000000f0c00000)
  from space 2048K, 99% used [0x00000000f0c00000,0x00000000f0dfc010,0x00000000f0e00000)
  to   space 2048K, 0% used [0x00000000f0e00000,0x00000000f0e00000,0x00000000f1000000)
 ParOldGen       total 32768K, used 303K [0x00000000d0000000, 0x00000000d2000000, 0x00000000f0000000)
  object space 32768K, 0% used [0x00000000d0000000,0x00000000d004be98,0x00000000d2000000)
 Metaspace       used 8949K, capacity 9188K, committed 9344K, reserved 1056768K
  class space    used 1222K, capacity 1316K, committed 1408K, reserved 1048576K
Event: 5.312 GC heap after
Heap after GC invocations=2 (full 0):
 PSYoungGen      total 14336K, used 2032K [0x00000000f0000000, 0x00000000f1000000, 0x0000000100000000)
  eden space 12288K, 0% used [0x00000000f0000000,0x00000000f0000000,0x00000000f0c00000)
  from space 2048K, 99% used [0x00000000f0e00000,0x00000000f0ffc010,0x00000000f1000000)
  to   space 2048K, 0% used [0x00000000f0c00000,0x00000000f0c00000,0x00000000f0e00000)
 ParOldGen       total 32768K, used 1525K [0x00000000d0000000, 0x00000000d2000000, 0x00000000f0000000)
  object space 32768K, 4% used [0x00000000d0000000,0x00000000d017d648,0x00000000d2000000)
 Metaspace       used 8949K, capacity 9188K, committed 9344K, reserved 1056768K
  class space    used 1222K, capacity 1316K, committed 1408K, reserved 1048576K
}

