# JRE version: Java(TM) SE Runtime Environment (8.0_131-b11) (build 1.8.0_131-b11)
# Java VM: Java HotSpot(TM) 64-Bit Server VM (25.131-b11 mixed mode windows-amd64 compressed oops)
Heap:
 PSYoungGen      total 95232K, used 74652K [0x00000000eab00000, 0x00000000f1e00000, 0x0000000100000000)
  eden space 88064K, 76% used [0x00000000eab00000,0x00000000eece9ea0,0x00000000f0100000)
  from space 7168K, 99% used [0x00000000f1580000,0x00000000f1c7d4c8,0x00000000f1c80000)
  to   space 1536K, 0% used [0x00000000f1c80000,0x00000000f1c80000,0x00000000f1e00000)
 ParOldGen       total 46592K, used 28633K [0x00000000c0000000, 0x00000000c2d80000, 0x00000000eab00000)
  object space 46592K, 61% used [0x00000000c0000000,0x00000000c1bf67d0,0x00000000c2d80000)
 Metaspace       used 45169K, capacity 46394K, committed 46504K, reserved 1089536K
  class space    used 5961K, capacity 6249K, committed 6320K, reserved 1048576K
GC Heap History (10 events):
Event: 4138.269 GC heap before
{Heap before GC invocations=21 (full 2):
 PSYoungGen      total 110080K, used 106414K [0x00000000eab00000, 0x00000000f1e80000, 0x0000000100000000)
  eden space 102912K, 99% used [0x00000000eab00000,0x00000000f0f7cfa8,0x00000000f0f80000)
  from space 7168K, 49% used [0x00000000f1600000,0x00000000f196e9d0,0x00000000f1d00000)
  to   space 6656K, 0% used [0x00000000f0f80000,0x00000000f0f80000,0x00000000f1600000)
 ParOldGen       total 46592K, used 27636K [0x00000000c0000000, 0x00000000c2d80000, 0x00000000eab00000)
  object space 46592K, 59% used [0x00000000c0000000,0x00000000c1afd1d8,0x00000000c2d80000)
 Metaspace       used 43802K, capacity 44694K, committed 44840K, reserved 1087488K
  class space    used 5894K, capacity 6147K, committed 6192K, reserved 1048576K
Event: 4138.285 GC heap after
Heap after GC invocations=21 (full 2):
 PSYoungGen      total 109568K, used 5606K [0x00000000eab00000, 0x00000000f2a00000, 0x0000000100000000)
  eden space 102912K, 0% used [0x00000000eab00000,0x00000000eab00000,0x00000000f0f80000)
  from space 6656K, 84% used [0x00000000f0f80000,0x00000000f14f98a8,0x00000000f1600000)
  to   space 7168K, 0% used [0x00000000f2300000,0x00000000f2300000,0x00000000f2a00000)
 ParOldGen       total 46592K, used 27644K [0x00000000c0000000, 0x00000000c2d80000, 0x00000000eab00000)
  object space 46592K, 59% used [0x00000000c0000000,0x00000000c1aff1d8,0x00000000c2d80000)
 Metaspace       used 43802K, capacity 44694K, committed 44840K, reserved 1087488K
  class space    used 5894K, capacity 6147K, committed 6192K, reserved 1048576K
}
Event: 6597.582 GC heap before
{Heap before GC invocations=22 (full 2):
 PSYoungGen      total 109568K, used 108518K [0x00000000eab00000, 0x00000000f2a00000, 0x0000000100000000)
  eden space 102912K, 100% used [0x00000000eab00000,0x00000000f0f80000,0x00000000f0f80000)
  from space 6656K, 84% used [0x00000000f0f80000,0x00000000f14f98a8,0x00000000f1600000)
  to   space 7168K, 0% used [0x00000000f2300000,0x00000000f2300000,0x00000000f2a00000)
 ParOldGen       total 46592K, used 27644K [0x00000000c0000000, 0x00000000c2d80000, 0x00000000eab00000)
  object space 46592K, 59% used [0x00000000c0000000,0x00000000c1aff1d8,0x00000000c2d80000)
 Metaspace       used 44248K, capacity 45222K, committed 45352K, reserved 1089536K
  class space    used 5917K, capacity 6171K, committed 6192K, reserved 1048576K
Event: 6597.597 GC heap after
Heap after GC invocations=22 (full 2):
 PSYoungGen      total 103424K, used 4470K [0x00000000eab00000, 0x00000000f2780000, 0x0000000100000000)
  eden space 98816K, 0% used [0x00000000eab00000,0x00000000eab00000,0x00000000f0b80000)
  from space 4608K, 97% used [0x00000000f2300000,0x00000000f275dac8,0x00000000f2780000)
  to   space 7168K, 0% used [0x00000000f1980000,0x00000000f1980000,0x00000000f2080000)
 ParOldGen       total 46592K, used 27652K [0x00000000c0000000, 0x00000000c2d80000, 0x00000000eab00000)
  object space 46592K, 59% used [0x00000000c0000000,0x00000000c1b011d8,0x00000000c2d80000)
 Metaspace       used 44248K, capacity 45222K, committed 45352K, reserved 1089536K
  class space    used 5917K, capacity 6171K, committed 6192K, reserved 1048576K
}
Event: 7362.666 GC heap before
{Heap before GC invocations=23 (full 2):
 PSYoungGen      total 103424K, used 103286K [0x00000000eab00000, 0x00000000f2780000, 0x0000000100000000)
  eden space 98816K, 100% used [0x00000000eab00000,0x00000000f0b80000,0x00000000f0b80000)
  from space 4608K, 97% used [0x00000000f2300000,0x00000000f275dac8,0x00000000f2780000)
  to   space 7168K, 0% used [0x00000000f1980000,0x00000000f1980000,0x00000000f2080000)
 ParOldGen       total 46592K, used 27652K [0x00000000c0000000, 0x00000000c2d80000, 0x00000000eab00000)
  object space 46592K, 59% used [0x00000000c0000000,0x00000000c1b011d8,0x00000000c2d80000)
 Metaspace       used 44716K, capacity 45986K, committed 46248K, reserved 1089536K
  class space    used 5958K, capacity 6245K, committed 6320K, reserved 1048576K
Event: 7362.682 GC heap after
Heap after GC invocations=23 (full 2):
 PSYoungGen      total 99328K, used 3814K [0x00000000eab00000, 0x00000000f2380000, 0x0000000100000000)
  eden space 95232K, 0% used [0x00000000eab00000,0x00000000eab00000,0x00000000f0800000)
  from space 4096K, 93% used [0x00000000f1980000,0x00000000f1d399d0,0x00000000f1d80000)
  to   space 6144K, 0% used [0x00000000f1d80000,0x00000000f1d80000,0x00000000f2380000)
 ParOldGen       total 46592K, used 27660K [0x00000000c0000000, 0x00000000c2d80000, 0x00000000eab00000)
  object space 46592K, 59% used [0x00000000c0000000,0x00000000c1b031d8,0x00000000c2d80000)
 Metaspace       used 44716K, capacity 45986K, committed 46248K, reserved 1089536K
  class space    used 5958K, capacity 6245K, committed 6320K, reserved 1048576K
}
Event: 8229.685 GC heap before
{Heap before GC invocations=24 (full 2):
 PSYoungGen      total 99328K, used 99041K [0x00000000eab00000, 0x00000000f2380000, 0x0000000100000000)
  eden space 95232K, 99% used [0x00000000eab00000,0x00000000f07feda8,0x00000000f0800000)
  from space 4096K, 93% used [0x00000000f1980000,0x00000000f1d399d0,0x00000000f1d80000)
  to   space 6144K, 0% used [0x00000000f1d80000,0x00000000f1d80000,0x00000000f2380000)
 ParOldGen       total 46592K, used 27660K [0x00000000c0000000, 0x00000000c2d80000, 0x00000000eab00000)
  object space 46592K, 59% used [0x00000000c0000000,0x00000000c1b031d8,0x00000000c2d80000)
 Metaspace       used 44880K, capacity 46056K, committed 46248K, reserved 1089536K
  class space    used 5959K, capacity 6246K, committed 6320K, reserved 1048576K
Event: 8229.708 GC heap after
Heap after GC invocations=24 (full 2):
 PSYoungGen      total 97792K, used 5736K [0x00000000eab00000, 0x00000000f2380000, 0x0000000100000000)
  eden space 91648K, 0% used [0x00000000eab00000,0x00000000eab00000,0x00000000f0480000)
  from space 6144K, 93% used [0x00000000f1d80000,0x00000000f231a098,0x00000000f2380000)
  to   space 7168K, 0% used [0x00000000f1580000,0x00000000f1580000,0x00000000f1c80000)
 ParOldGen       total 46592K, used 27660K [0x00000000c0000000, 0x00000000c2d80000, 0x00000000eab00000)
  object space 46592K, 59% used [0x00000000c0000000,0x00000000c1b031d8,0x00000000c2d80000)
 Metaspace       used 44880K, capacity 46056K, committed 46248K, reserved 1089536K
  class space    used 5959K, capacity 6246K, committed 6320K, reserved 1048576K
}
Event: 8494.619 GC heap before
{Heap before GC invocations=25 (full 2):
 PSYoungGen      total 97792K, used 97384K [0x00000000eab00000, 0x00000000f2380000, 0x0000000100000000)
  eden space 91648K, 100% used [0x00000000eab00000,0x00000000f0480000,0x00000000f0480000)
  from space 6144K, 93% used [0x00000000f1d80000,0x00000000f231a098,0x00000000f2380000)
  to   space 7168K, 0% used [0x00000000f1580000,0x00000000f1580000,0x00000000f1c80000)
 ParOldGen       total 46592K, used 27660K [0x00000000c0000000, 0x00000000c2d80000, 0x00000000eab00000)
  object space 46592K, 59% used [0x00000000c0000000,0x00000000c1b031d8,0x00000000c2d80000)
 Metaspace       used 45098K, capacity 46330K, committed 46504K, reserved 1089536K
  class space    used 5961K, capacity 6249K, committed 6320K, reserved 1048576K
Event: 8494.650 GC heap after
Heap after GC invocations=25 (full 2):
 PSYoungGen      total 95232K, used 7157K [0x00000000eab00000, 0x00000000f1e00000, 0x0000000100000000)
  eden space 88064K, 0% used [0x00000000eab00000,0x00000000eab00000,0x00000000f0100000)
  from space 7168K, 99% used [0x00000000f1580000,0x00000000f1c7d4c8,0x00000000f1c80000)
  to   space 1536K, 0% used [0x00000000f1c80000,0x00000000f1c80000,0x00000000f1e00000)
 ParOldGen       total 46592K, used 28633K [0x00000000c0000000, 0x00000000c2d80000, 0x00000000eab00000)
  object space 46592K, 61% used [0x00000000c0000000,0x00000000c1bf67d0,0x00000000c2d80000)
 Metaspace       used 45098K, capacity 46330K, committed 46504K, reserved 1089536K
  class space    used 5961K, capacity 6249K, committed 6320K, reserved 1048576K
}

