# JRE version: Java(TM) SE Runtime Environment (8.0_131-b11) (build 1.8.0_131-b11)
# Java VM: Java HotSpot(TM) 64-Bit Server VM (25.131-b11 mixed mode windows-amd64 compressed oops)
Heap:
 PSYoungGen      total 14336K, used 3172K [0x00000000f0000000, 0x00000000f1000000, 0x0000000100000000)
  eden space 12288K, 25% used [0x00000000f0000000,0x00000000f0319390,0x00000000f0c00000)
  from space 2048K, 0% used [0x00000000f0e00000,0x00000000f0e00000,0x00000000f1000000)
  to   space 2048K, 0% used [0x00000000f0c00000,0x00000000f0c00000,0x00000000f0e00000)
 ParOldGen       total 27136K, used 3718K [0x00000000d0000000, 0x00000000d1a80000, 0x00000000f0000000)
  object space 27136K, 13% used [0x00000000d0000000,0x00000000d03a1a28,0x00000000d1a80000)
 Metaspace       used 13273K, capacity 13578K, committed 13824K, reserved 1062912K
  class space    used 1629K, capacity 1723K, committed 1792K, reserved 1048576K
GC Heap History (10 events):
Event: 0.765 GC heap before
{Heap before GC invocations=1 (full 0):
 PSYoungGen      total 14336K, used 12288K [0x00000000f0000000, 0x00000000f1000000, 0x0000000100000000)
  eden space 12288K, 100% used [0x00000000f0000000,0x00000000f0c00000,0x00000000f0c00000)
  from space 2048K, 0% used [0x00000000f0e00000,0x00000000f0e00000,0x00000000f1000000)
  to   space 2048K, 0% used [0x00000000f0c00000,0x00000000f0c00000,0x00000000f0e00000)
 ParOldGen       total 32768K, used 0K [0x00000000d0000000, 0x00000000d2000000, 0x00000000f0000000)
  object space 32768K, 0% used [0x00000000d0000000,0x00000000d0000000,0x00000000d2000000)
 Metaspace       used 7861K, capacity 8130K, committed 8320K, reserved 1056768K
  class space    used 1008K, capacity 1103K, committed 1152K, reserved 1048576K
Event: 0.777 GC heap after
Heap after GC invocations=1 (full 0):
 PSYoungGen      total 14336K, used 2032K [0x00000000f0000000, 0x00000000f1000000, 0x0000000100000000)
  eden space 12288K, 0% used [0x00000000f0000000,0x00000000f0000000,0x00000000f0c00000)
  from space 2048K, 99% used [0x00000000f0c00000,0x00000000f0dfc140,0x00000000f0e00000)
  to   space 2048K, 0% used [0x00000000f0e00000,0x00000000f0e00000,0x00000000f1000000)
 ParOldGen       total 32768K, used 1000K [0x00000000d0000000, 0x00000000d2000000, 0x00000000f0000000)
  object space 32768K, 3% used [0x00000000d0000000,0x00000000d00fa300,0x00000000d2000000)
 Metaspace       used 7861K, capacity 8130K, committed 8320K, reserved 1056768K
  class space    used 1008K, capacity 1103K, committed 1152K, reserved 1048576K
}
Event: 1.126 GC heap before
{Heap before GC invocations=2 (full 0):
 PSYoungGen      total 14336K, used 14320K [0x00000000f0000000, 0x00000000f1000000, 0x0000000100000000)
  eden space 12288K, 100% used [0x00000000f0000000,0x00000000f0c00000,0x00000000f0c00000)
  from space 2048K, 99% used [0x00000000f0c00000,0x00000000f0dfc140,0x00000000f0e00000)
  to   space 2048K, 0% used [0x00000000f0e00000,0x00000000f0e00000,0x00000000f1000000)
 ParOldGen       total 32768K, used 1000K [0x00000000d0000000, 0x00000000d2000000, 0x00000000f0000000)
  object space 32768K, 3% used [0x00000000d0000000,0x00000000d00fa300,0x00000000d2000000)
 Metaspace       used 9583K, capacity 9858K, committed 10112K, reserved 1058816K
  class space    used 1196K, capacity 1295K, committed 1408K, reserved 1048576K
Event: 1.131 GC heap after
Heap after GC invocations=2 (full 0):
 PSYoungGen      total 14336K, used 2016K [0x00000000f0000000, 0x00000000f1000000, 0x0000000100000000)
  eden space 12288K, 0% used [0x00000000f0000000,0x00000000f0000000,0x00000000f0c00000)
  from space 2048K, 98% used [0x00000000f0e00000,0x00000000f0ff8110,0x00000000f1000000)
  to   space 2048K, 0% used [0x00000000f0c00000,0x00000000f0c00000,0x00000000f0e00000)
 ParOldGen       total 32768K, used 2210K [0x00000000d0000000, 0x00000000d2000000, 0x00000000f0000000)
  object space 32768K, 6% used [0x00000000d0000000,0x00000000d0228858,0x00000000d2000000)
 Metaspace       used 9583K, capacity 9858K, committed 10112K, reserved 1058816K
  class space    used 1196K, capacity 1295K, committed 1408K, reserved 1048576K
}
Event: 1.924 GC heap before
{Heap before GC invocations=3 (full 0):
 PSYoungGen      total 14336K, used 14304K [0x00000000f0000000, 0x00000000f1000000, 0x0000000100000000)
  eden space 12288K, 100% used [0x00000000f0000000,0x00000000f0c00000,0x00000000f0c00000)
  from space 2048K, 98% used [0x00000000f0e00000,0x00000000f0ff8110,0x00000000f1000000)
  to   space 2048K, 0% used [0x00000000f0c00000,0x00000000f0c00000,0x00000000f0e00000)
 ParOldGen       total 32768K, used 2210K [0x00000000d0000000, 0x00000000d2000000, 0x00000000f0000000)
  object space 32768K, 6% used [0x00000000d0000000,0x00000000d0228858,0x00000000d2000000)
 Metaspace       used 11754K, capacity 12040K, committed 12160K, reserved 1060864K
  class space    used 1456K, capacity 1552K, committed 1664K, reserved 1048576K
Event: 1.936 GC heap after
Heap after GC invocations=3 (full 0):
 PSYoungGen      total 14336K, used 2016K [0x00000000f0000000, 0x00000000f1000000, 0x0000000100000000)
  eden space 12288K, 0% used [0x00000000f0000000,0x00000000f0000000,0x00000000f0c00000)
  from space 2048K, 98% used [0x00000000f0c00000,0x00000000f0df8030,0x00000000f0e00000)
  to   space 2048K, 0% used [0x00000000f0e00000,0x00000000f0e00000,0x00000000f1000000)
 ParOldGen       total 32768K, used 4775K [0x00000000d0000000, 0x00000000d2000000, 0x00000000f0000000)
  object space 32768K, 14% used [0x00000000d0000000,0x00000000d04a9df8,0x00000000d2000000)
 Metaspace       used 11754K, capacity 12040K, committed 12160K, reserved 1060864K
  class space    used 1456K, capacity 1552K, committed 1664K, reserved 1048576K
}
Event: 1.976 GC heap before
{Heap before GC invocations=4 (full 0):
 PSYoungGen      total 14336K, used 2397K [0x00000000f0000000, 0x00000000f1000000, 0x0000000100000000)
  eden space 12288K, 3% used [0x00000000f0000000,0x00000000f005f6b8,0x00000000f0c00000)
  from space 2048K, 98% used [0x00000000f0c00000,0x00000000f0df8030,0x00000000f0e00000)
  to   space 2048K, 0% used [0x00000000f0e00000,0x00000000f0e00000,0x00000000f1000000)
 ParOldGen       total 32768K, used 4775K [0x00000000d0000000, 0x00000000d2000000, 0x00000000f0000000)
  object space 32768K, 14% used [0x00000000d0000000,0x00000000d04a9df8,0x00000000d2000000)
 Metaspace       used 12110K, capacity 12328K, committed 12416K, reserved 1064960K
  class space    used 1490K, capacity 1584K, committed 1664K, reserved 1048576K
Event: 1.980 GC heap after
Heap after GC invocations=4 (full 0):
 PSYoungGen      total 14336K, used 2016K [0x00000000f0000000, 0x00000000f1000000, 0x0000000100000000)
  eden space 12288K, 0% used [0x00000000f0000000,0x00000000f0000000,0x00000000f0c00000)
  from space 2048K, 98% used [0x00000000f0e00000,0x00000000f0ff8030,0x00000000f1000000)
  to   space 2048K, 0% used [0x00000000f0c00000,0x00000000f0c00000,0x00000000f0e00000)
 ParOldGen       total 32768K, used 4883K [0x00000000d0000000, 0x00000000d2000000, 0x00000000f0000000)
  object space 32768K, 14% used [0x00000000d0000000,0x00000000d04c4e08,0x00000000d2000000)
 Metaspace       used 12110K, capacity 12328K, committed 12416K, reserved 1064960K
  class space    used 1490K, capacity 1584K, committed 1664K, reserved 1048576K
}
Event: 1.980 GC heap before
{Heap before GC invocations=5 (full 1):
 PSYoungGen      total 14336K, used 2016K [0x00000000f0000000, 0x00000000f1000000, 0x0000000100000000)
  eden space 12288K, 0% used [0x00000000f0000000,0x00000000f0000000,0x00000000f0c00000)
  from space 2048K, 98% used [0x00000000f0e00000,0x00000000f0ff8030,0x00000000f1000000)
  to   space 2048K, 0% used [0x00000000f0c00000,0x00000000f0c00000,0x00000000f0e00000)
 ParOldGen       total 32768K, used 4883K [0x00000000d0000000, 0x00000000d2000000, 0x00000000f0000000)
  object space 32768K, 14% used [0x00000000d0000000,0x00000000d04c4e08,0x00000000d2000000)
 Metaspace       used 12110K, capacity 12328K, committed 12416K, reserved 1064960K
  class space    used 1490K, capacity 1584K, committed 1664K, reserved 1048576K
Event: 2.114 GC heap after
Heap after GC invocations=5 (full 1):
 PSYoungGen      total 14336K, used 0K [0x00000000f0000000, 0x00000000f1000000, 0x0000000100000000)
  eden space 12288K, 0% used [0x00000000f0000000,0x00000000f0000000,0x00000000f0c00000)
  from space 2048K, 0% used [0x00000000f0e00000,0x00000000f0e00000,0x00000000f1000000)
  to   space 2048K, 0% used [0x00000000f0c00000,0x00000000f0c00000,0x00000000f0e00000)
 ParOldGen       total 27136K, used 3718K [0x00000000d0000000, 0x00000000d1a80000, 0x00000000f0000000)
  object space 27136K, 13% used [0x00000000d0000000,0x00000000d03a1a28,0x00000000d1a80000)
 Metaspace       used 12110K, capacity 12328K, committed 12416K, reserved 1062912K
  class space    used 1490K, capacity 1584K, committed 1664K, reserved 1048576K
}

